生成启动时间为 6/6/2016 8:29:42 PM。
     1>项目“F:\Study\CS575\zhangcha\Particles.vcxproj”在节点 2 上(rebuild 个目标)。
     1>_PrepareForClean:
         正在删除文件“Debug\zhangcha.lastbuildstate”。
       InitializeBuildStatus:
         正在创建“Debug\zhangcha.unsuccessfulbuild”，因为已指定“AlwaysCreate”。
       ClCompile:
         C:\Program Files (x86)\Microsoft Visual Studio 10.0\VC\bin\CL.exe /c /ZI /nologo /W3 /WX- /Od /Oy- /D WIN32 /D _DEBUG /D _CONSOLE /D _UNICODE /D UNICODE /Gm /EHsc /RTC1 /MTd /GS /fp:precise /Zc:wchar_t /Zc:forScope /openmp /Fo"Debug\\" /Fd"Debug\vc100.pdb" /Gd /TP /analyze- /errorReport:prompt zhangcha.cpp
         zhangcha.cpp
       ManifestResourceCompile:
         C:\Program Files (x86)\Microsoft SDKs\Windows\v7.0A\bin\rc.exe /nologo /fo"Debug\zhangcha.exe.embed.manifest.res" Debug\zhangcha_manifest.rc 
       Link:
         C:\Program Files (x86)\Microsoft Visual Studio 10.0\VC\bin\link.exe /ERRORREPORT:PROMPT /OUT:"F:\Study\CS575\zhangcha\Debug\zhangcha.exe" /INCREMENTAL /NOLOGO glew32.lib glui32.lib glut32.lib glu32.lib opengl32.lib OpenCL32.lib kernel32.lib user32.lib gdi32.lib winspool.lib comdlg32.lib advapi32.lib shell32.lib ole32.lib oleaut32.lib uuid.lib odbc32.lib odbccp32.lib /MANIFEST /ManifestFile:"Debug\zhangcha.exe.intermediate.manifest" /MANIFESTUAC:"level='asInvoker' uiAccess='false'" /DEBUG /PDB:"F:\Study\CS575\zhangcha\Debug\zhangcha.pdb" /SUBSYSTEM:CONSOLE /TLBID:1 /DYNAMICBASE /NXCOMPAT /IMPLIB:"F:\Study\CS575\zhangcha\Debug\zhangcha.lib" /MACHINE:X86 Debug\zhangcha.exe.embed.manifest.res
         Debug\zhangcha.obj
       Manifest:
         正在删除文件“Debug\zhangcha.exe.embed.manifest”。
         C:\Program Files (x86)\Microsoft SDKs\Windows\v7.0A\bin\mt.exe /nologo /verbose /out:"Debug\zhangcha.exe.embed.manifest" /manifest Debug\zhangcha.exe.intermediate.manifest
         C:\Program Files (x86)\Microsoft SDKs\Windows\v7.0A\bin\rc.exe /nologo /fo"Debug\zhangcha.exe.embed.manifest.res" Debug\zhangcha_manifest.rc 
       LinkEmbedManifest:
         C:\Program Files (x86)\Microsoft Visual Studio 10.0\VC\bin\link.exe /ERRORREPORT:PROMPT /OUT:"F:\Study\CS575\zhangcha\Debug\zhangcha.exe" /INCREMENTAL /NOLOGO glew32.lib glui32.lib glut32.lib glu32.lib opengl32.lib OpenCL32.lib kernel32.lib user32.lib gdi32.lib winspool.lib comdlg32.lib advapi32.lib shell32.lib ole32.lib oleaut32.lib uuid.lib odbc32.lib odbccp32.lib /MANIFEST /ManifestFile:"Debug\zhangcha.exe.intermediate.manifest" /MANIFESTUAC:"level='asInvoker' uiAccess='false'" /DEBUG /PDB:"F:\Study\CS575\zhangcha\Debug\zhangcha.pdb" /SUBSYSTEM:CONSOLE /TLBID:1 /DYNAMICBASE /NXCOMPAT /IMPLIB:"F:\Study\CS575\zhangcha\Debug\zhangcha.lib" /MACHINE:X86 Debug\zhangcha.exe.embed.manifest.res
         Debug\zhangcha.obj
         Particles.vcxproj -> F:\Study\CS575\zhangcha\Debug\zhangcha.exe
       FinalizeBuildStatus:
         正在删除文件“Debug\zhangcha.unsuccessfulbuild”。
         正在对“Debug\zhangcha.lastbuildstate”执行 Touch 任务。
     1>已完成生成项目“F:\Study\CS575\zhangcha\Particles.vcxproj”(rebuild 个目标)的操作。

生成成功。

已用时间 00:00:02.24
