F:\Study\CS575\ParticlesTemplate\Debug\cl.command.1.tlog
F:\Study\CS575\ParticlesTemplate\Debug\CL.read.1.tlog
F:\Study\CS575\ParticlesTemplate\Debug\CL.write.1.tlog
F:\Study\CS575\ParticlesTemplate\Debug\link.1392.read.1.tlog
F:\Study\CS575\ParticlesTemplate\Debug\link.1392.write.1.tlog
F:\Study\CS575\ParticlesTemplate\Debug\link.1392-cvtres.read.1.tlog
F:\Study\CS575\ParticlesTemplate\Debug\link.1392-cvtres.write.1.tlog
F:\Study\CS575\ParticlesTemplate\Debug\link.command.1.tlog
F:\Study\CS575\ParticlesTemplate\Debug\link.read.1.tlog
F:\Study\CS575\ParticlesTemplate\Debug\link.write.1.tlog
F:\Study\CS575\ParticlesTemplate\Debug\link-cvtres.read.1.tlog
F:\Study\CS575\ParticlesTemplate\Debug\link-cvtres.write.1.tlog
F:\Study\CS575\ParticlesTemplate\Debug\mt.command.1.tlog
F:\Study\CS575\ParticlesTemplate\Debug\mt.read.1.tlog
F:\Study\CS575\ParticlesTemplate\Debug\mt.write.1.tlog
F:\STUDY\CS575\PARTICLESTEMPLATE\DEBUG\PARTICLES.EXE
F:\STUDY\CS575\PARTICLESTEMPLATE\DEBUG\PARTICLES.EXE.EMBED.MANIFEST
F:\STUDY\CS575\PARTICLESTEMPLATE\DEBUG\PARTICLES.EXE.EMBED.MANIFEST.RES
F:\STUDY\CS575\PARTICLESTEMPLATE\DEBUG\PARTICLES.EXE.INTERMEDIATE.MANIFEST
F:\STUDY\CS575\PARTICLESTEMPLATE\DEBUG\PARTICLES.ILK
F:\STUDY\CS575\PARTICLESTEMPLATE\DEBUG\PARTICLES.OBJ
F:\STUDY\CS575\PARTICLESTEMPLATE\DEBUG\PARTICLES.PDB
F:\Study\CS575\ParticlesTemplate\Debug\Particles.write.1.tlog
F:\Study\CS575\ParticlesTemplate\Debug\Particles_manifest.rc
F:\Study\CS575\ParticlesTemplate\Debug\rc.command.1.tlog
F:\Study\CS575\ParticlesTemplate\Debug\rc.read.1.tlog
F:\Study\CS575\ParticlesTemplate\Debug\rc.write.1.tlog
F:\Study\CS575\ParticlesTemplate\Debug\vc100.idb
F:\STUDY\CS575\PARTICLESTEMPLATE\DEBUG\VC100.PDB
