F:\Study\CS575\zhangcha\Debug\cl.command.1.tlog
F:\Study\CS575\zhangcha\Debug\CL.read.1.tlog
F:\Study\CS575\zhangcha\Debug\CL.write.1.tlog
F:\Study\CS575\zhangcha\Debug\link.7032.read.1.tlog
F:\Study\CS575\zhangcha\Debug\link.7032.write.1.tlog
F:\Study\CS575\zhangcha\Debug\link.7032-cvtres.read.1.tlog
F:\Study\CS575\zhangcha\Debug\link.7032-cvtres.write.1.tlog
F:\Study\CS575\zhangcha\Debug\link.command.1.tlog
F:\Study\CS575\zhangcha\Debug\link.read.1.tlog
F:\Study\CS575\zhangcha\Debug\link.write.1.tlog
F:\Study\CS575\zhangcha\Debug\link-cvtres.read.1.tlog
F:\Study\CS575\zhangcha\Debug\link-cvtres.write.1.tlog
F:\Study\CS575\zhangcha\Debug\mt.command.1.tlog
F:\Study\CS575\zhangcha\Debug\mt.read.1.tlog
F:\Study\CS575\zhangcha\Debug\mt.write.1.tlog
F:\Study\CS575\zhangcha\Debug\Particles.vcxprojResolveAssemblyReference.cache
F:\Study\CS575\zhangcha\Debug\rc.command.1.tlog
F:\Study\CS575\zhangcha\Debug\rc.read.1.tlog
F:\Study\CS575\zhangcha\Debug\rc.write.1.tlog
F:\Study\CS575\zhangcha\Debug\vc100.idb
F:\STUDY\CS575\ZHANGCHA\DEBUG\VC100.PDB
F:\STUDY\CS575\ZHANGCHA\DEBUG\ZHANGCHA.EXE
F:\STUDY\CS575\ZHANGCHA\DEBUG\ZHANGCHA.EXE.EMBED.MANIFEST
F:\STUDY\CS575\ZHANGCHA\DEBUG\ZHANGCHA.EXE.EMBED.MANIFEST.RES
F:\STUDY\CS575\ZHANGCHA\DEBUG\ZHANGCHA.EXE.INTERMEDIATE.MANIFEST
F:\STUDY\CS575\ZHANGCHA\DEBUG\ZHANGCHA.ILK
F:\STUDY\CS575\ZHANGCHA\DEBUG\ZHANGCHA.OBJ
F:\STUDY\CS575\ZHANGCHA\DEBUG\ZHANGCHA.PDB
F:\Study\CS575\zhangcha\Debug\zhangcha.write.1.tlog
F:\Study\CS575\zhangcha\Debug\zhangcha_manifest.rc
